=== 2025-03-29 15:32:49 센서 데이터 ===
  화성 기지 내부 온도: 24.26°C
  화성 기지 외부 온도: 17.4°C
  화성 기지 내부 습도: 54.85%
  화성 기지 외부 광량: 610.71W/m2
  화성 기지 내부 이산화탄소 농도: 0.039%
  화성 기지 외부 산소 농도: 5.44%
 
=== 2025-03-29 15:32:56 센서 데이터 ===
  화성 기지 내부 온도: 18.66°C
  화성 기지 외부 온도: 12.64°C
  화성 기지 내부 습도: 59.04%
  화성 기지 외부 광량: 646.64W/m2
  화성 기지 내부 이산화탄소 농도: 0.045%
  화성 기지 외부 산소 농도: 5.29%


=== 2025-04-02 17:11:09 센서 데이터 ===

  화성 기지 내부 온도: 26.13°C
  화성 기지 외부 온도: 2.8°C
  화성 기지 내부 습도: 57.24%
  화성 기지 외부 광량: 537.17W/m2
  화성 기지 내부 이산화탄소 농도: 0.087%
  화성 기지 내부 산소 농도: 5.86%
