=== 2025-04-02 20:17:09 센서 데이터 ===
  화성 기지 내부 온도: 29.73°C
  화성 기지 외부 온도: 20.53°C
  화성 기지 내부 습도: 59.78%
  화성 기지 외부 광량: 710.17W/m²
  화성 기지 내부 이산화탄소 농도: 0.098%
  화성 기지 내부 산소 농도: 6.93%

=== 2025-04-02 20:18:10 센서 데이터 ===
  화성 기지 내부 온도: 19.85°C
  화성 기지 외부 온도: 3.24°C
  화성 기지 내부 습도: 51.54%
  화성 기지 외부 광량: 533.13W/m²
  화성 기지 내부 이산화탄소 농도: 0.032%
  화성 기지 내부 산소 농도: 4.46%

=== 2025-04-02 20:19:10 센서 데이터 ===
  화성 기지 내부 온도: 22.13°C
  화성 기지 외부 온도: 7.22°C
  화성 기지 내부 습도: 53.44%
  화성 기지 외부 광량: 573.92W/m²
  화성 기지 내부 이산화탄소 농도: 0.048%
  화성 기지 내부 산소 농도: 5.03%

=== 2025-04-02 20:20:10 센서 데이터 ===
  화성 기지 내부 온도: 24.63°C
  화성 기지 외부 온도: 11.61°C
  화성 기지 내부 습도: 55.53%
  화성 기지 외부 광량: 618.89W/m²
  화성 기지 내부 이산화탄소 농도: 0.064%
  화성 기지 내부 산소 농도: 5.66%

=== 2025-04-02 20:21:10 센서 데이터 ===
  화성 기지 내부 온도: 27.2°C
  화성 기지 외부 온도: 16.1°C
  화성 기지 내부 습도: 57.66%
  화성 기지 외부 광량: 664.78W/m²
  화성 기지 내부 이산화탄소 농도: 0.081%
  화성 기지 내부 산소 농도: 6.3%

=== 2025-04-02 20:21:10 평균 센서 값 ===
  화성 기지 내부 온도: 24.708°C
  화성 기지 외부 온도: 11.74°C
  화성 기지 내부 습도: 55.59%
  화성 기지 외부 광량: 620.178W/m²
  화성 기지 내부 이산화탄소 농도: 0.065%
  화성 기지 내부 산소 농도: 5.676%
